<?xml version="1.0" encoding="UTF-8"?>
<testsuite xmlns:xsi="http://www.w3.org/2001/XMLSchema-instance" xsi:noNamespaceSchemaLocation="https://maven.apache.org/surefire/maven-surefire-plugin/xsd/surefire-test-report-3.0.xsd" version="3.0" name="TestSuite" time="4.64" tests="5" errors="0" skipped="0" failures="0">
  <properties>
    <property name="java.specification.version" value="21"/>
    <property name="sun.jnu.encoding" value="UTF-8"/>
    <property name="java.class.path" value="/mnt/c/Users/User/OneDrive/Documentos/seguranca_teste_software/projeto-testng/testNG-example/target/test-classes:/mnt/c/Users/User/OneDrive/Documentos/seguranca_teste_software/projeto-testng/testNG-example/target/classes:/home/larissabohm/.m2/repository/org/testng/testng/7.10.2/testng-7.10.2.jar:/home/larissabohm/.m2/repository/org/slf4j/slf4j-api/1.7.36/slf4j-api-1.7.36.jar:/home/larissabohm/.m2/repository/com/beust/jcommander/1.82/jcommander-1.82.jar:/home/larissabohm/.m2/repository/org/webjars/jquery/3.7.1/jquery-3.7.1.jar:"/>
    <property name="java.vm.vendor" value="Ubuntu"/>
    <property name="sun.arch.data.model" value="64"/>
    <property name="java.vendor.url" value="https://ubuntu.com/"/>
    <property name="user.timezone" value="America/Sao_Paulo"/>
    <property name="os.name" value="Linux"/>
    <property name="java.vm.specification.version" value="21"/>
    <property name="sun.java.launcher" value="SUN_STANDARD"/>
    <property name="sun.boot.library.path" value="/usr/lib/jvm/java-21-openjdk-amd64/lib"/>
    <property name="sun.java.command" value="/mnt/c/Users/User/OneDrive/Documentos/seguranca_teste_software/projeto-testng/testNG-example/target/surefire/surefirebooter-20251002180610434_3.jar /mnt/c/Users/User/OneDrive/Documentos/seguranca_teste_software/projeto-testng/testNG-example/target/surefire 2025-10-02T18-06-10_042-jvmRun1 surefire-20251002180610434_1tmp surefire_0-20251002180610434_2tmp"/>
    <property name="jdk.debug" value="release"/>
    <property name="surefire.test.class.path" value="/mnt/c/Users/User/OneDrive/Documentos/seguranca_teste_software/projeto-testng/testNG-example/target/test-classes:/mnt/c/Users/User/OneDrive/Documentos/seguranca_teste_software/projeto-testng/testNG-example/target/classes:/home/larissabohm/.m2/repository/org/testng/testng/7.10.2/testng-7.10.2.jar:/home/larissabohm/.m2/repository/org/slf4j/slf4j-api/1.7.36/slf4j-api-1.7.36.jar:/home/larissabohm/.m2/repository/com/beust/jcommander/1.82/jcommander-1.82.jar:/home/larissabohm/.m2/repository/org/webjars/jquery/3.7.1/jquery-3.7.1.jar:"/>
    <property name="sun.cpu.endian" value="little"/>
    <property name="user.home" value="/home/larissabohm"/>
    <property name="user.language" value="en"/>
    <property name="java.specification.vendor" value="Oracle Corporation"/>
    <property name="java.version.date" value="2025-07-15"/>
    <property name="java.home" value="/usr/lib/jvm/java-21-openjdk-amd64"/>
    <property name="file.separator" value="/"/>
    <property name="basedir" value="/mnt/c/Users/User/OneDrive/Documentos/seguranca_teste_software/projeto-testng/testNG-example"/>
    <property name="java.vm.compressedOopsMode" value="32-bit"/>
    <property name="line.separator" value="&#10;"/>
    <property name="java.vm.specification.vendor" value="Oracle Corporation"/>
    <property name="java.specification.name" value="Java Platform API Specification"/>
    <property name="surefire.real.class.path" value="/mnt/c/Users/User/OneDrive/Documentos/seguranca_teste_software/projeto-testng/testNG-example/target/surefire/surefirebooter-20251002180610434_3.jar"/>
    <property name="sun.management.compiler" value="HotSpot 64-Bit Tiered Compilers"/>
    <property name="java.runtime.version" value="21.0.8+9-Ubuntu-0ubuntu124.04.1"/>
    <property name="user.name" value="larissabohm"/>
    <property name="stdout.encoding" value="UTF-8"/>
    <property name="path.separator" value=":"/>
    <property name="os.version" value="6.6.87.2-microsoft-standard-WSL2"/>
    <property name="java.runtime.name" value="OpenJDK Runtime Environment"/>
    <property name="file.encoding" value="UTF-8"/>
    <property name="java.vm.name" value="OpenJDK 64-Bit Server VM"/>
    <property name="localRepository" value="/home/larissabohm/.m2/repository"/>
    <property name="java.vendor.url.bug" value="https://bugs.launchpad.net/ubuntu/+source/openjdk-21"/>
    <property name="java.io.tmpdir" value="/tmp"/>
    <property name="java.version" value="21.0.8"/>
    <property name="user.dir" value="/mnt/c/Users/User/OneDrive/Documentos/seguranca_teste_software/projeto-testng/testNG-example"/>
    <property name="os.arch" value="amd64"/>
    <property name="java.vm.specification.name" value="Java Virtual Machine Specification"/>
    <property name="native.encoding" value="UTF-8"/>
    <property name="java.library.path" value="/usr/java/packages/lib:/usr/lib/x86_64-linux-gnu/jni:/lib/x86_64-linux-gnu:/usr/lib/x86_64-linux-gnu:/usr/lib/jni:/lib:/usr/lib"/>
    <property name="stderr.encoding" value="UTF-8"/>
    <property name="java.vm.info" value="mixed mode, sharing"/>
    <property name="java.vendor" value="Ubuntu"/>
    <property name="java.vm.version" value="21.0.8+9-Ubuntu-0ubuntu124.04.1"/>
    <property name="sun.io.unicode.encoding" value="UnicodeLittle"/>
    <property name="java.class.version" value="65.0"/>
  </properties>
  <testcase name="deveClassificarEquilatero" classname="example.TrianguloTest" time="0.06">
    <system-out><![CDATA[ðŸ”¹ InÃ­cio da SuÃ­te de Testes do TriÃ¢ngulo
âž¡ Preparando a classe de testes
ðŸ‘‰ Iniciando mÃ©todo de teste
]]></system-out>
    <system-err><![CDATA[SLF4J: Failed to load class "org.slf4j.impl.StaticLoggerBinder".
SLF4J: Defaulting to no-operation (NOP) logger implementation
SLF4J: See http://www.slf4j.org/codes.html#StaticLoggerBinder for further details.
]]></system-err>
  </testcase>
  <testcase name="deveClassificarIsosceles" classname="example.TrianguloTest" time="0.0">
    <system-out><![CDATA[ðŸ‘ˆ Finalizando mÃ©todo de teste
ðŸ‘‰ Iniciando mÃ©todo de teste
]]></system-out>
  </testcase>
  <testcase name="deveClassificarEscaleno" classname="example.TrianguloTest" time="0.001">
    <system-out><![CDATA[ðŸ‘ˆ Finalizando mÃ©todo de teste
ðŸ‘‰ Iniciando mÃ©todo de teste
]]></system-out>
  </testcase>
  <testcase name="deveDetectarNaoTriangulo" classname="example.TrianguloTest" time="0.0">
    <system-out><![CDATA[ðŸ‘ˆ Finalizando mÃ©todo de teste
ðŸ‘‰ Iniciando mÃ©todo de teste
]]></system-out>
  </testcase>
  <testcase name="deveDetectarLadosInvalidos" classname="example.TrianguloTest" time="0.0">
    <system-out><![CDATA[ðŸ‘ˆ Finalizando mÃ©todo de teste
ðŸ‘‰ Iniciando mÃ©todo de teste
]]></system-out>
  </testcase>
</testsuite>