<?xml version="1.0" encoding="UTF-8"?>
<!-- Generated by org.testng.reporters.JUnitReportReporter -->
<testsuite hostname="DESKTOP-0K4CNGG" failures="0" tests="5" name="example.TrianguloTest" time="0.059" errors="0" timestamp="2025-10-02T18:06:16 BRT" skipped="0">
  <testcase classname="example.TrianguloTest" name="deveClassificarEquilatero" time="0.042"/>
  <testcase classname="example.TrianguloTest" name="deveClassificarIsosceles" time="0.004"/>
  <testcase classname="example.TrianguloTest" name="deveClassificarEscaleno" time="0.002"/>
  <testcase classname="example.TrianguloTest" name="deveDetectarNaoTriangulo" time="0.006"/>
  <testcase classname="example.TrianguloTest" name="deveDetectarLadosInvalidos" time="0.005"/>
</testsuite> <!-- example.TrianguloTest -->
